[18:22:30] [Render thread/INFO]: Environment: authHost='https://authserver.mojang.com', accountsHost='https://api.mojang.com', sessionHost='https://sessionserver.mojang.com', servicesHost='https://api.minecraftservices.com', name='PROD'
[18:22:31] [Render thread/INFO]: Setting user: notwindstone
[18:22:32] [Render thread/INFO]: Backend library: LWJGL version 3.2.2 build 10
[18:22:32] [Render thread/INFO]: [STDERR]: [LWJGL] [ThreadLocalUtil] Unsupported JNI version detected, this may result in a crash. Please inform LWJGL developers.
[18:22:33] [Render thread/WARN]: ERROR : Couldn't load Narrator library : Unable to load library 'SAPIWrapper_x64': Can't obtain InputStream for win32-x86-64/SAPIWrapper_x64.dll
ERROR : Couldn't load Narrator library : Unable to load library 'SAPIWrapper_x86': Can't obtain InputStream for win32-x86-64/SAPIWrapper_x86.dll

[18:22:34] [Render thread/INFO]: Reloading ResourceManager: Default
[18:22:34] [Realms Notification Availability checker #1/INFO]: Could not authorize you against Realms server: Invalid session id
[18:22:38] [Render thread/INFO]: OpenAL initialized.
[18:22:38] [Render thread/INFO]: Sound engine started
[18:22:38] [Render thread/INFO]: Created: 1024x1024x4 minecraft:textures/atlas/blocks.png-atlas
[18:22:38] [Render thread/INFO]: Created: 256x128x4 minecraft:textures/atlas/signs.png-atlas
[18:22:38] [Render thread/INFO]: Created: 1024x512x4 minecraft:textures/atlas/banner_patterns.png-atlas
[18:22:38] [Render thread/INFO]: Created: 1024x512x4 minecraft:textures/atlas/shield_patterns.png-atlas
[18:22:38] [Render thread/INFO]: Created: 256x256x4 minecraft:textures/atlas/chest.png-atlas
[18:22:38] [Render thread/INFO]: Created: 512x256x4 minecraft:textures/atlas/beds.png-atlas
[18:22:38] [Render thread/INFO]: Created: 512x256x4 minecraft:textures/atlas/shulker_boxes.png-atlas
[18:22:38] [Render thread/INFO]: Created: 256x256x0 minecraft:textures/atlas/particles.png-atlas
[18:22:38] [Render thread/INFO]: Created: 256x256x0 minecraft:textures/atlas/paintings.png-atlas
[18:22:38] [Render thread/INFO]: Created: 256x128x0 minecraft:textures/atlas/mob_effects.png-atlas
